==========================================
Probe Matrix Runner
==========================================
Distros:  humble jazzy
Backends: prod rclpy
Probes:   P04 L05 S11
Total cells: 12
==========================================

[1] Running: humble/prod/P04
  Distro: humble, Backend: prod, Probe: P04
  Building docker image for humble...




 Image ros2-semantic-contracts-harness Built 
  Running harness...
 Container ros2-semantic-contracts-harness-run-20b9fe7d4484 Created 
== Oracle Harness ==
ROOT:      /work
SCENARIOS: scenarios/probes/scenarios_P04.json
TRACE:     /evidence/humble/prod/P04/trace.jsonl
REPORT:    /evidence/humble/prod/P04/report.json
BACKEND:   prod

== Build backend ==
Starting >>> backend_prod
--- stderr: backend_prod
CMake Error: The current CMakeCache.txt directory /work/build/backend_prod/CMakeCache.txt is different than the directory /home/ecm/fcsl/ros2-semantic-contracts/build/backend_prod where CMakeCache.txt was created. This may result in binaries being created in the wrong place. If you are not sure, reedit the CMakeCache.txt
CMake Error: The source "/work/harness/backends/backend_prod/CMakeLists.txt" does not match the source "/home/ecm/fcsl/ros2-semantic-contracts/harness/backends/backend_prod/CMakeLists.txt" used to generate cache.  Re-run cmake with a different source directory.
---
Failed   <<< backend_prod [0.03s, exited with code 1]

Summary: 0 packages finished [0.22s]
  1 package failed: backend_prod
  1 package had stderr output: backend_prod

  ERROR: Harness execution failed
[2] Running: humble/prod/L05
  Distro: humble, Backend: prod, Probe: L05
  Building docker image for humble...




 Image ros2-semantic-contracts-harness Built 
  Running harness...
 Container ros2-semantic-contracts-harness-run-b100c4fddd3f Created 
== Oracle Harness ==
ROOT:      /work
SCENARIOS: scenarios/probes/scenarios_L05.json
TRACE:     /evidence/humble/prod/L05/trace.jsonl
REPORT:    /evidence/humble/prod/L05/report.json
BACKEND:   prod

== Build backend ==
Starting >>> backend_prod
--- stderr: backend_prod
CMake Error: The current CMakeCache.txt directory /work/build/backend_prod/CMakeCache.txt is different than the directory /home/ecm/fcsl/ros2-semantic-contracts/build/backend_prod where CMakeCache.txt was created. This may result in binaries being created in the wrong place. If you are not sure, reedit the CMakeCache.txt
CMake Error: The source "/work/harness/backends/backend_prod/CMakeLists.txt" does not match the source "/home/ecm/fcsl/ros2-semantic-contracts/harness/backends/backend_prod/CMakeLists.txt" used to generate cache.  Re-run cmake with a different source directory.
---
Failed   <<< backend_prod [0.03s, exited with code 1]

Summary: 0 packages finished [0.20s]
  1 package failed: backend_prod
  1 package had stderr output: backend_prod

  ERROR: Harness execution failed
[3] Running: humble/prod/S11
  Distro: humble, Backend: prod, Probe: S11
  Building docker image for humble...




 Image ros2-semantic-contracts-harness Built 
  Running harness...
 Container ros2-semantic-contracts-harness-run-113425316c34 Created 
== Oracle Harness ==
ROOT:      /work
SCENARIOS: scenarios/probes/scenarios_S11.json
TRACE:     /evidence/humble/prod/S11/trace.jsonl
REPORT:    /evidence/humble/prod/S11/report.json
BACKEND:   prod

== Build backend ==
Starting >>> backend_prod
--- stderr: backend_prod
CMake Error: The current CMakeCache.txt directory /work/build/backend_prod/CMakeCache.txt is different than the directory /home/ecm/fcsl/ros2-semantic-contracts/build/backend_prod where CMakeCache.txt was created. This may result in binaries being created in the wrong place. If you are not sure, reedit the CMakeCache.txt
CMake Error: The source "/work/harness/backends/backend_prod/CMakeLists.txt" does not match the source "/home/ecm/fcsl/ros2-semantic-contracts/harness/backends/backend_prod/CMakeLists.txt" used to generate cache.  Re-run cmake with a different source directory.
---
Failed   <<< backend_prod [0.03s, exited with code 1]

Summary: 0 packages finished [0.24s]
  1 package failed: backend_prod
  1 package had stderr output: backend_prod

  ERROR: Harness execution failed
[4] Running: humble/rclpy/P04
  Distro: humble, Backend: rclpy, Probe: P04
  Building docker image for humble...
------
 > exporting to image:
------
failed to solve: failed to prepare extraction snapshot "extract-34252-3eMj sha256:58ace6a78f800cb5a11e3dc6b8a1d662e704e9ef4c97013fb12b614a9dc58338": parent snapshot sha256:a60b88200692888c6f3f656751c4ee836eb43dec5743b2429b6852128100673c does not exist: not found

  ERROR: Docker build failed
[5] Running: humble/rclpy/L05
  Distro: humble, Backend: rclpy, Probe: L05
  Building docker image for humble...




 Image ros2-semantic-contracts-harness Built 
  Running harness...
ROOT:      /work
SCENARIOS: scenarios/probes/scenarios_L05.json
TRACE:     /evidence/humble/rclpy/L05/trace.jsonl
REPORT:    /evidence/humble/rclpy/L05/report.json
BACKEND:   rclpy

== Build backend ==
Skipping build (Python backend)

== Build core ==
    Finished `release` profile [optimized] target(s) in 0.06s

== Run core for scenarios_L05.json ==
[WARN] [1770075581.699402827] [rcl_lifecycle]: No transition matching 4 found for current state unconfigured
Error: trace invalid at line 4: unknown event type: lifecycle_node_init

Trace:  /evidence/humble/rclpy/L05/trace.jsonl
Report: /evidence/humble/rclpy/L05/report.json
FAILURE: One or more bundles failed.

  ERROR: Harness execution failed
[6] Running: humble/rclpy/S11
  Distro: humble, Backend: rclpy, Probe: S11
  Building docker image for humble...




 Image ros2-semantic-contracts-harness Built 
  Running harness...
== Oracle Harness ==
ROOT:      /work
SCENARIOS: scenarios/probes/scenarios_S11.json
TRACE:     /evidence/humble/rclpy/S11/trace.jsonl
REPORT:    /evidence/humble/rclpy/S11/report.json
BACKEND:   rclpy

== Build backend ==
Skipping build (Python backend)

== Build core ==
    Finished `release` profile [optimized] target(s) in 0.03s

== Run core for scenarios_S11.json ==
Error: trace invalid at line 4: unknown event type: lifecycle_node_init

Trace:  /evidence/humble/rclpy/S11/trace.jsonl
Report: /evidence/humble/rclpy/S11/report.json
FAILURE: One or more bundles failed.

  ERROR: Harness execution failed
[7] Running: jazzy/prod/P04
  Distro: jazzy, Backend: prod, Probe: P04
  Building docker image for jazzy...




 Image ros2-semantic-contracts-harness Built 
  Running harness...
 Container ros2-semantic-contracts-harness-run-7f1c80dc3465 Created 
== Oracle Harness ==
ROOT:      /work
SCENARIOS: scenarios/probes/scenarios_P04.json
TRACE:     /evidence/jazzy/prod/P04/trace.jsonl
REPORT:    /evidence/jazzy/prod/P04/report.json
BACKEND:   prod

== Build backend ==
Starting >>> backend_prod
--- stderr: backend_prod
CMake Error: The current CMakeCache.txt directory /work/build/backend_prod/CMakeCache.txt is different than the directory /home/ecm/fcsl/ros2-semantic-contracts/build/backend_prod where CMakeCache.txt was created. This may result in binaries being created in the wrong place. If you are not sure, reedit the CMakeCache.txt
CMake Error: The source "/work/harness/backends/backend_prod/CMakeLists.txt" does not match the source "/home/ecm/fcsl/ros2-semantic-contracts/harness/backends/backend_prod/CMakeLists.txt" used to generate cache.  Re-run cmake with a different source directory.
---
Failed   <<< backend_prod [0.03s, exited with code 1]

Summary: 0 packages finished [0.17s]
  1 package failed: backend_prod
  1 package had stderr output: backend_prod

  ERROR: Harness execution failed
[8] Running: jazzy/prod/L05
  Distro: jazzy, Backend: prod, Probe: L05
  Building docker image for jazzy...




 Image ros2-semantic-contracts-harness Built 
  Running harness...
 Container ros2-semantic-contracts-harness-run-a4900ca38122 Created 
== Oracle Harness ==
ROOT:      /work
SCENARIOS: scenarios/probes/scenarios_L05.json
TRACE:     /evidence/jazzy/prod/L05/trace.jsonl
REPORT:    /evidence/jazzy/prod/L05/report.json
BACKEND:   prod

== Build backend ==
Starting >>> backend_prod
--- stderr: backend_prod
CMake Error: The current CMakeCache.txt directory /work/build/backend_prod/CMakeCache.txt is different than the directory /home/ecm/fcsl/ros2-semantic-contracts/build/backend_prod where CMakeCache.txt was created. This may result in binaries being created in the wrong place. If you are not sure, reedit the CMakeCache.txt
CMake Error: The source "/work/harness/backends/backend_prod/CMakeLists.txt" does not match the source "/home/ecm/fcsl/ros2-semantic-contracts/harness/backends/backend_prod/CMakeLists.txt" used to generate cache.  Re-run cmake with a different source directory.
---
Failed   <<< backend_prod [0.03s, exited with code 1]

Summary: 0 packages finished [0.17s]
  1 package failed: backend_prod
  1 package had stderr output: backend_prod

  ERROR: Harness execution failed
[9] Running: jazzy/prod/S11
  Distro: jazzy, Backend: prod, Probe: S11
  Building docker image for jazzy...




 Image ros2-semantic-contracts-harness Built 
  Running harness...
 Container ros2-semantic-contracts-harness-run-71f3c18ad9e7 Created 
== Oracle Harness ==
ROOT:      /work
SCENARIOS: scenarios/probes/scenarios_S11.json
TRACE:     /evidence/jazzy/prod/S11/trace.jsonl
REPORT:    /evidence/jazzy/prod/S11/report.json
BACKEND:   prod

== Build backend ==
Starting >>> backend_prod
--- stderr: backend_prod
CMake Error: The current CMakeCache.txt directory /work/build/backend_prod/CMakeCache.txt is different than the directory /home/ecm/fcsl/ros2-semantic-contracts/build/backend_prod where CMakeCache.txt was created. This may result in binaries being created in the wrong place. If you are not sure, reedit the CMakeCache.txt
CMake Error: The source "/work/harness/backends/backend_prod/CMakeLists.txt" does not match the source "/home/ecm/fcsl/ros2-semantic-contracts/harness/backends/backend_prod/CMakeLists.txt" used to generate cache.  Re-run cmake with a different source directory.
---
Failed   <<< backend_prod [0.03s, exited with code 1]

Summary: 0 packages finished [0.17s]
  1 package failed: backend_prod
  1 package had stderr output: backend_prod

  ERROR: Harness execution failed
[10] Running: jazzy/rclpy/P04
  Distro: jazzy, Backend: rclpy, Probe: P04
  Building docker image for jazzy...




 Image ros2-semantic-contracts-harness Built 
  Running harness...
   Compiling anstyle-parse v0.2.7
   Compiling anstream v0.6.21
   Compiling clap_builder v4.5.56
   Compiling syn v2.0.114
   Compiling clap_derive v4.5.55
   Compiling serde_derive v1.0.228
   Compiling thiserror-impl v2.0.18
   Compiling clap v4.5.56
   Compiling oracle_core v0.1.0 (/work/harness/core)
    Finished `release` profile [optimized] target(s) in 8.00s

== Run core for scenarios_P04.json ==
FAIL P04_no_partial_application (P04) â€” No partial application

1 TEST(S) FAILED

Trace:  /evidence/jazzy/rclpy/P04/trace.jsonl
Report: /evidence/jazzy/rclpy/P04/report.json
FAILURE: One or more bundles failed.

  ERROR: Harness execution failed
[11] Running: jazzy/rclpy/L05
  Distro: jazzy, Backend: rclpy, Probe: L05
  Building docker image for jazzy...




 Image ros2-semantic-contracts-harness Built 
  Running harness...
ROOT:      /work
SCENARIOS: scenarios/probes/scenarios_L05.json
TRACE:     /evidence/jazzy/rclpy/L05/trace.jsonl
REPORT:    /evidence/jazzy/rclpy/L05/report.json
BACKEND:   rclpy

== Build backend ==
Skipping build (Python backend)

== Build core ==
    Finished `release` profile [optimized] target(s) in 0.04s

== Run core for scenarios_L05.json ==
[WARN] [1770075616.211016510] [rcl_lifecycle]: No transition matching 4 found for current state unconfigured
Error: trace invalid at line 4: unknown event type: lifecycle_node_init

Trace:  /evidence/jazzy/rclpy/L05/trace.jsonl
Report: /evidence/jazzy/rclpy/L05/report.json
FAILURE: One or more bundles failed.

  ERROR: Harness execution failed
[12] Running: jazzy/rclpy/S11
  Distro: jazzy, Backend: rclpy, Probe: S11
  Building docker image for jazzy...




 Image ros2-semantic-contracts-harness Built 
  Running harness...
== Oracle Harness ==
ROOT:      /work
SCENARIOS: scenarios/probes/scenarios_S11.json
TRACE:     /evidence/jazzy/rclpy/S11/trace.jsonl
REPORT:    /evidence/jazzy/rclpy/S11/report.json
BACKEND:   rclpy

== Build backend ==
Skipping build (Python backend)

== Build core ==
    Finished `release` profile [optimized] target(s) in 0.03s

== Run core for scenarios_S11.json ==
Error: trace invalid at line 4: unknown event type: lifecycle_node_init

Trace:  /evidence/jazzy/rclpy/S11/trace.jsonl
Report: /evidence/jazzy/rclpy/S11/report.json
FAILURE: One or more bundles failed.

  ERROR: Harness execution failed
==========================================
Matrix Runner Summary
==========================================
Total cells:  12
Passed:       0
Failed/Skip:  12
Build/exec failures: 12
==========================================
FAILURE: 12 cells failed to execute
