==========================================
Probe Matrix Runner
==========================================
Distros:  humble jazzy
Backends: prod rclpy
Probes:   P04 L05 S11
Total cells: 12
==========================================

[1] Running: humble/prod/P04
  Distro: humble, Backend: prod, Probe: P04
  Building docker image for humble...




 Image ros2-semantic-contracts-harness Built 
  Running harness...
REPORT:    /evidence/humble/prod/P04/report.json
BACKEND:   prod

== Build backend ==
Starting >>> backend_prod
Finished <<< backend_prod [6.32s]

Summary: 1 package finished [6.49s]

== Build core ==
    Finished `release` profile [optimized] target(s) in 0.07s

== Run core for scenarios_P04.json ==
bundle error: unsupported op: declare_param
Error: backend failed with exit code 2

Trace:  /evidence/humble/prod/P04/trace.jsonl
Report: /evidence/humble/prod/P04/report.json
FAILURE: One or more bundles failed.

  ERROR: Harness execution failed
[2] Running: humble/prod/L05
  Distro: humble, Backend: prod, Probe: L05
  Building docker image for humble...




 Image ros2-semantic-contracts-harness Built 
  Running harness...
REPORT:    /evidence/humble/prod/L05/report.json
BACKEND:   prod

== Build backend ==
Starting >>> backend_prod
Finished <<< backend_prod [6.12s]

Summary: 1 package finished [6.30s]

== Build core ==
    Finished `release` profile [optimized] target(s) in 0.03s

== Run core for scenarios_L05.json ==
bundle error: unsupported op: init_lifecycle_node
Error: backend failed with exit code 2

Trace:  /evidence/humble/prod/L05/trace.jsonl
Report: /evidence/humble/prod/L05/report.json
FAILURE: One or more bundles failed.

  ERROR: Harness execution failed
[3] Running: humble/prod/S11
  Distro: humble, Backend: prod, Probe: S11
  Building docker image for humble...




 Image ros2-semantic-contracts-harness Built 
  Running harness...
REPORT:    /evidence/humble/prod/S11/report.json
BACKEND:   prod

== Build backend ==
Starting >>> backend_prod
Finished <<< backend_prod [5.91s]

Summary: 1 package finished [6.12s]

== Build core ==
    Finished `release` profile [optimized] target(s) in 0.04s

== Run core for scenarios_S11.json ==
bundle error: unsupported op: init_lifecycle_node
Error: backend failed with exit code 2

Trace:  /evidence/humble/prod/S11/trace.jsonl
Report: /evidence/humble/prod/S11/report.json
FAILURE: One or more bundles failed.

  ERROR: Harness execution failed
[4] Running: humble/rclpy/P04
  Distro: humble, Backend: rclpy, Probe: P04
  Building docker image for humble...




 Image ros2-semantic-contracts-harness Built 
  Running harness...

== Run core for scenarios_P04.json ==
Traceback (most recent call last):
  File "/work/harness/backends/backend_rclpy/backend_rclpy.py", line 136, in <module>
    main()
  File "/work/harness/backends/backend_rclpy/backend_rclpy.py", line 132, in main
    sys.exit(backend.run())
  File "/work/harness/backends/backend_rclpy/backend_rclpy.py", line 66, in run
    self.run_scenario(scenario_id, scenario)
  File "/work/harness/backends/backend_rclpy/backend_rclpy.py", line 88, in run_scenario
    self.execute_op(op, scenario_id, op_id)
  File "/work/harness/backends/backend_rclpy/backend_rclpy.py", line 96, in execute_op
    self.trace.write_event("op_start", {
TypeError: TraceWriter.write_event() got an unexpected keyword argument 'op_id'
Error: backend failed with exit code 1

Trace:  /evidence/humble/rclpy/P04/trace.jsonl
Report: /evidence/humble/rclpy/P04/report.json
FAILURE: One or more bundles failed.

  ERROR: Harness execution failed
[5] Running: humble/rclpy/L05
  Distro: humble, Backend: rclpy, Probe: L05
  Building docker image for humble...




 Image ros2-semantic-contracts-harness Built 
  Running harness...

== Run core for scenarios_L05.json ==
Traceback (most recent call last):
  File "/work/harness/backends/backend_rclpy/backend_rclpy.py", line 136, in <module>
    main()
  File "/work/harness/backends/backend_rclpy/backend_rclpy.py", line 132, in main
    sys.exit(backend.run())
  File "/work/harness/backends/backend_rclpy/backend_rclpy.py", line 66, in run
    self.run_scenario(scenario_id, scenario)
  File "/work/harness/backends/backend_rclpy/backend_rclpy.py", line 88, in run_scenario
    self.execute_op(op, scenario_id, op_id)
  File "/work/harness/backends/backend_rclpy/backend_rclpy.py", line 96, in execute_op
    self.trace.write_event("op_start", {
TypeError: TraceWriter.write_event() got an unexpected keyword argument 'op_id'
Error: backend failed with exit code 1

Trace:  /evidence/humble/rclpy/L05/trace.jsonl
Report: /evidence/humble/rclpy/L05/report.json
FAILURE: One or more bundles failed.

  ERROR: Harness execution failed
[6] Running: humble/rclpy/S11
  Distro: humble, Backend: rclpy, Probe: S11
  Building docker image for humble...




 Image ros2-semantic-contracts-harness Built 
  Running harness...

== Run core for scenarios_S11.json ==
Traceback (most recent call last):
  File "/work/harness/backends/backend_rclpy/backend_rclpy.py", line 136, in <module>
    main()
  File "/work/harness/backends/backend_rclpy/backend_rclpy.py", line 132, in main
    sys.exit(backend.run())
  File "/work/harness/backends/backend_rclpy/backend_rclpy.py", line 66, in run
    self.run_scenario(scenario_id, scenario)
  File "/work/harness/backends/backend_rclpy/backend_rclpy.py", line 88, in run_scenario
    self.execute_op(op, scenario_id, op_id)
  File "/work/harness/backends/backend_rclpy/backend_rclpy.py", line 96, in execute_op
    self.trace.write_event("op_start", {
TypeError: TraceWriter.write_event() got an unexpected keyword argument 'op_id'
Error: backend failed with exit code 1

Trace:  /evidence/humble/rclpy/S11/trace.jsonl
Report: /evidence/humble/rclpy/S11/report.json
FAILURE: One or more bundles failed.

  ERROR: Harness execution failed
[7] Running: jazzy/prod/P04
  Distro: jazzy, Backend: prod, Probe: P04
  Building docker image for jazzy...




 Image ros2-semantic-contracts-harness Built 
  Running harness...
