==========================================
Probe Matrix Runner
==========================================
Distros:  humble jazzy
Backends: prod rclpy
Probes:   P04 L05 S11
Total cells: 12
==========================================

[1] Running: humble/prod/P04
  Distro: humble, Backend: prod, Probe: P04
  Building docker image for humble...




 Image ros2-semantic-contracts-harness Built 
  Running harness...
REPORT:    /evidence/humble/prod/P04/report.json
BACKEND:   prod

== Build backend ==
Starting >>> backend_prod
Finished <<< backend_prod [6.01s]

Summary: 1 package finished [6.19s]

== Build core ==
    Finished `release` profile [optimized] target(s) in 0.08s

== Run core for scenarios_P04.json ==
bundle error: unsupported op: declare_param
Error: backend failed with exit code 2

Trace:  /evidence/humble/prod/P04/trace.jsonl
Report: /evidence/humble/prod/P04/report.json
FAILURE: One or more bundles failed.

  ERROR: Harness execution failed
[2] Running: humble/prod/L05
  Distro: humble, Backend: prod, Probe: L05
  Building docker image for humble...




 Image ros2-semantic-contracts-harness Built 
  Running harness...
REPORT:    /evidence/humble/prod/L05/report.json
BACKEND:   prod

== Build backend ==
Starting >>> backend_prod
Finished <<< backend_prod [5.97s]

Summary: 1 package finished [6.15s]

== Build core ==
    Finished `release` profile [optimized] target(s) in 0.03s

== Run core for scenarios_L05.json ==
bundle error: unsupported op: init_lifecycle_node
Error: backend failed with exit code 2

Trace:  /evidence/humble/prod/L05/trace.jsonl
Report: /evidence/humble/prod/L05/report.json
FAILURE: One or more bundles failed.

  ERROR: Harness execution failed
[3] Running: humble/prod/S11
  Distro: humble, Backend: prod, Probe: S11
  Building docker image for humble...




 Image ros2-semantic-contracts-harness Built 
  Running harness...
REPORT:    /evidence/humble/prod/S11/report.json
BACKEND:   prod

== Build backend ==
Starting >>> backend_prod
Finished <<< backend_prod [6.18s]

Summary: 1 package finished [6.37s]

== Build core ==
    Finished `release` profile [optimized] target(s) in 0.03s

== Run core for scenarios_S11.json ==
bundle error: unsupported op: init_lifecycle_node
Error: backend failed with exit code 2

Trace:  /evidence/humble/prod/S11/trace.jsonl
Report: /evidence/humble/prod/S11/report.json
FAILURE: One or more bundles failed.

  ERROR: Harness execution failed
[4] Running: humble/rclpy/P04
  Distro: humble, Backend: rclpy, Probe: P04
  Building docker image for humble...




 Image ros2-semantic-contracts-harness Built 
  Running harness...
SCENARIOS: scenarios/probes/scenarios_P04.json
TRACE:     /evidence/humble/rclpy/P04/trace.jsonl
REPORT:    /evidence/humble/rclpy/P04/report.json
BACKEND:   rclpy

== Build backend ==
Skipping build (Python backend)

== Build core ==
    Finished `release` profile [optimized] target(s) in 0.04s

== Run core for scenarios_P04.json ==
FAIL P04_no_partial_application (P04) — No partial application

1 TEST(S) FAILED

Trace:  /evidence/humble/rclpy/P04/trace.jsonl
Report: /evidence/humble/rclpy/P04/report.json
FAILURE: One or more bundles failed.

  ERROR: Harness execution failed
[5] Running: humble/rclpy/L05
  Distro: humble, Backend: rclpy, Probe: L05
  Building docker image for humble...




 Image ros2-semantic-contracts-harness Built 
  Running harness...
ROOT:      /work
SCENARIOS: scenarios/probes/scenarios_L05.json
TRACE:     /evidence/humble/rclpy/L05/trace.jsonl
REPORT:    /evidence/humble/rclpy/L05/report.json
BACKEND:   rclpy

== Build backend ==
Skipping build (Python backend)

== Build core ==
    Finished `release` profile [optimized] target(s) in 0.04s

== Run core for scenarios_L05.json ==
[WARN] [1770075704.183819164] [rcl_lifecycle]: No transition matching 4 found for current state unconfigured
Error: trace invalid at line 4: unknown event type: lifecycle_node_init

Trace:  /evidence/humble/rclpy/L05/trace.jsonl
Report: /evidence/humble/rclpy/L05/report.json
FAILURE: One or more bundles failed.

  ERROR: Harness execution failed
[6] Running: humble/rclpy/S11
  Distro: humble, Backend: rclpy, Probe: S11
  Building docker image for humble...




 Image ros2-semantic-contracts-harness Built 
  Running harness...
== Oracle Harness ==
ROOT:      /work
SCENARIOS: scenarios/probes/scenarios_S11.json
TRACE:     /evidence/humble/rclpy/S11/trace.jsonl
REPORT:    /evidence/humble/rclpy/S11/report.json
BACKEND:   rclpy

== Build backend ==
Skipping build (Python backend)

== Build core ==
    Finished `release` profile [optimized] target(s) in 0.04s

== Run core for scenarios_S11.json ==
Error: trace invalid at line 4: unknown event type: lifecycle_node_init

Trace:  /evidence/humble/rclpy/S11/trace.jsonl
Report: /evidence/humble/rclpy/S11/report.json
FAILURE: One or more bundles failed.

  ERROR: Harness execution failed
[7] Running: jazzy/prod/P04
  Distro: jazzy, Backend: prod, Probe: P04
  Building docker image for jazzy...




 Image ros2-semantic-contracts-harness Built 
  Running harness...
REPORT:    /evidence/jazzy/prod/P04/report.json
BACKEND:   prod

== Build backend ==
Starting >>> backend_prod
Finished <<< backend_prod [6.20s]

Summary: 1 package finished [6.34s]

== Build core ==
    Finished `release` profile [optimized] target(s) in 0.07s

== Run core for scenarios_P04.json ==
bundle error: unsupported op: declare_param
Error: backend failed with exit code 2

Trace:  /evidence/jazzy/prod/P04/trace.jsonl
Report: /evidence/jazzy/prod/P04/report.json
FAILURE: One or more bundles failed.

  ERROR: Harness execution failed
[8] Running: jazzy/prod/L05
  Distro: jazzy, Backend: prod, Probe: L05
  Building docker image for jazzy...




 Image ros2-semantic-contracts-harness Built 
  Running harness...
REPORT:    /evidence/jazzy/prod/L05/report.json
BACKEND:   prod

== Build backend ==
Starting >>> backend_prod
Finished <<< backend_prod [6.05s]

Summary: 1 package finished [6.19s]

== Build core ==
    Finished `release` profile [optimized] target(s) in 0.05s

== Run core for scenarios_L05.json ==
bundle error: unsupported op: init_lifecycle_node
Error: backend failed with exit code 2

Trace:  /evidence/jazzy/prod/L05/trace.jsonl
Report: /evidence/jazzy/prod/L05/report.json
FAILURE: One or more bundles failed.

  ERROR: Harness execution failed
[9] Running: jazzy/prod/S11
  Distro: jazzy, Backend: prod, Probe: S11
  Building docker image for jazzy...




 Image ros2-semantic-contracts-harness Built 
  Running harness...
REPORT:    /evidence/jazzy/prod/S11/report.json
BACKEND:   prod

== Build backend ==
Starting >>> backend_prod
Finished <<< backend_prod [6.46s]

Summary: 1 package finished [6.63s]

== Build core ==
    Finished `release` profile [optimized] target(s) in 0.04s

== Run core for scenarios_S11.json ==
bundle error: unsupported op: init_lifecycle_node
Error: backend failed with exit code 2

Trace:  /evidence/jazzy/prod/S11/trace.jsonl
Report: /evidence/jazzy/prod/S11/report.json
FAILURE: One or more bundles failed.

  ERROR: Harness execution failed
[10] Running: jazzy/rclpy/P04
  Distro: jazzy, Backend: rclpy, Probe: P04
  Building docker image for jazzy...




 Image ros2-semantic-contracts-harness Built 
  Running harness...
SCENARIOS: scenarios/probes/scenarios_P04.json
TRACE:     /evidence/jazzy/rclpy/P04/trace.jsonl
REPORT:    /evidence/jazzy/rclpy/P04/report.json
BACKEND:   rclpy

== Build backend ==
Skipping build (Python backend)

== Build core ==
    Finished `release` profile [optimized] target(s) in 0.04s

== Run core for scenarios_P04.json ==
FAIL P04_no_partial_application (P04) — No partial application

1 TEST(S) FAILED

Trace:  /evidence/jazzy/rclpy/P04/trace.jsonl
Report: /evidence/jazzy/rclpy/P04/report.json
FAILURE: One or more bundles failed.

  ERROR: Harness execution failed
[11] Running: jazzy/rclpy/L05
  Distro: jazzy, Backend: rclpy, Probe: L05
  Building docker image for jazzy...




 Image ros2-semantic-contracts-harness Built 
  Running harness...
ROOT:      /work
SCENARIOS: scenarios/probes/scenarios_L05.json
TRACE:     /evidence/jazzy/rclpy/L05/trace.jsonl
REPORT:    /evidence/jazzy/rclpy/L05/report.json
BACKEND:   rclpy

== Build backend ==
Skipping build (Python backend)

== Build core ==
    Finished `release` profile [optimized] target(s) in 0.03s

== Run core for scenarios_L05.json ==
[WARN] [1770075749.603441264] [rcl_lifecycle]: No transition matching 4 found for current state unconfigured
Error: trace invalid at line 4: unknown event type: lifecycle_node_init

Trace:  /evidence/jazzy/rclpy/L05/trace.jsonl
Report: /evidence/jazzy/rclpy/L05/report.json
FAILURE: One or more bundles failed.

  ERROR: Harness execution failed
[12] Running: jazzy/rclpy/S11
  Distro: jazzy, Backend: rclpy, Probe: S11
  Building docker image for jazzy...




 Image ros2-semantic-contracts-harness Built 
  Running harness...
== Oracle Harness ==
ROOT:      /work
SCENARIOS: scenarios/probes/scenarios_S11.json
TRACE:     /evidence/jazzy/rclpy/S11/trace.jsonl
REPORT:    /evidence/jazzy/rclpy/S11/report.json
BACKEND:   rclpy

== Build backend ==
Skipping build (Python backend)

== Build core ==
    Finished `release` profile [optimized] target(s) in 0.03s

== Run core for scenarios_S11.json ==
Error: trace invalid at line 4: unknown event type: lifecycle_node_init

Trace:  /evidence/jazzy/rclpy/S11/trace.jsonl
Report: /evidence/jazzy/rclpy/S11/report.json
FAILURE: One or more bundles failed.

  ERROR: Harness execution failed
==========================================
Matrix Runner Summary
==========================================
Total cells:  12
Passed:       0
Failed/Skip:  12
Build/exec failures: 12
==========================================
FAILURE: 12 cells failed to execute
